Copyright 1986-2018 Xilinx, Inc. All Rights Reserved.
--------------------------------------------------------------------------------------
| Tool Version : Vivado v.2018.3 (win64) Build 2405991 Thu Dec  6 23:38:27 MST 2018
| Date         : Thu May 28 02:46:29 2020
| Host         : DESKTOP-GMD0H7K running 64-bit major release  (build 9200)
| Command      : report_control_sets -verbose -file vgaSystem_control_sets_placed.rpt
| Design       : vgaSystem
| Device       : xc7a35t
--------------------------------------------------------------------------------------

Control Set Information

Table of Contents
-----------------
1. Summary
2. Histogram
3. Flip-Flop Distribution
4. Detailed Control Set Information

1. Summary
----------

+----------------------------------------------------------+-------+
|                          Status                          | Count |
+----------------------------------------------------------+-------+
| Number of unique control sets                            |    29 |
| Unused register locations in slices containing registers |    33 |
+----------------------------------------------------------+-------+


2. Histogram
------------

+--------+--------------+
| Fanout | Control Sets |
+--------+--------------+
|      1 |            1 |
|      4 |            1 |
|      6 |            1 |
|      7 |            1 |
|      8 |           20 |
|     10 |            2 |
|     12 |            1 |
|    16+ |            2 |
+--------+--------------+


3. Flip-Flop Distribution
-------------------------

+--------------+-----------------------+------------------------+-----------------+--------------+
| Clock Enable | Synchronous Set/Reset | Asynchronous Set/Reset | Total Registers | Total Slices |
+--------------+-----------------------+------------------------+-----------------+--------------+
| No           | No                    | No                     |              53 |           31 |
| No           | No                    | Yes                    |               0 |            0 |
| No           | Yes                   | No                     |              30 |           18 |
| Yes          | No                    | No                     |              68 |           30 |
| Yes          | No                    | Yes                    |               0 |            0 |
| Yes          | Yes                   | No                     |             128 |           37 |
+--------------+-----------------------+------------------------+-----------------+--------------+


4. Detailed Control Set Information
-----------------------------------

+----------------+--------------------------------------------------+---------------------------------------------+------------------+----------------+
|  Clock Signal  |                   Enable Signal                  |               Set/Reset Signal              | Slice Load Count | Bel Load Count |
+----------------+--------------------------------------------------+---------------------------------------------+------------------+----------------+
|  clk_IBUF_BUFG | uart_fifo/uart_inst/tx_out_i_1_n_0               |                                             |                1 |              1 |
|  clk_IBUF_BUFG | uart_fifo/uart_inst/rx_bits_remaining[3]_i_1_n_0 |                                             |                1 |              4 |
|  clk_IBUF_BUFG |                                                  | uart_fifo/uart_inst/rx_countdown[5]_i_1_n_0 |                3 |              6 |
|  clk_IBUF_BUFG | scene1/center_y[9]_i_1_n_0                       |                                             |                3 |              7 |
|  clk_IBUF_BUFG |                                                  | uart_fifo/tx_fifo/SR[0]                     |                5 |              8 |
|  clk_IBUF_BUFG | scene1/center_x[9]_i_1_n_0                       |                                             |                2 |              8 |
|  clk_IBUF_BUFG | uart_fifo/rx_fifo/memory[6][7]_i_1_n_0           | btnC_IBUF                                   |                4 |              8 |
|  clk_IBUF_BUFG | uart_fifo/rx_fifo/memory[1][7]_i_1_n_0           | btnC_IBUF                                   |                2 |              8 |
|  clk_IBUF_BUFG | uart_fifo/rx_fifo/memory[2][7]_i_1_n_0           | btnC_IBUF                                   |                1 |              8 |
|  clk_IBUF_BUFG | uart_fifo/rx_fifo/memory[7][7]_i_1_n_0           | btnC_IBUF                                   |                2 |              8 |
|  clk_IBUF_BUFG | uart_fifo/rx_fifo/memory[0][7]_i_1_n_0           | btnC_IBUF                                   |                3 |              8 |
|  clk_IBUF_BUFG | uart_fifo/rx_fifo/memory[4][7]_i_1_n_0           | btnC_IBUF                                   |                4 |              8 |
|  clk_IBUF_BUFG | uart_fifo/rx_fifo/memory[3][7]_i_1_n_0           | btnC_IBUF                                   |                3 |              8 |
|  clk_IBUF_BUFG | uart_fifo/rx_fifo/memory[5][7]_i_1_n_0           | btnC_IBUF                                   |                2 |              8 |
|  clk_IBUF_BUFG | uart_fifo/tx_fifo/memory[5][7]_i_1__0_n_0        | btnC_IBUF                                   |                2 |              8 |
|  clk_IBUF_BUFG | uart_fifo/tx_fifo/memory[0][7]_i_1__0_n_0        | btnC_IBUF                                   |                2 |              8 |
|  clk_IBUF_BUFG | uart_fifo/tx_fifo/memory[3][7]_i_1__0_n_0        | btnC_IBUF                                   |                3 |              8 |
|  clk_IBUF_BUFG | uart_fifo/tx_fifo/memory[2][7]_i_1__0_n_0        | btnC_IBUF                                   |                2 |              8 |
|  clk_IBUF_BUFG | uart_fifo/tx_fifo/memory[4][7]_i_1__0_n_0        | btnC_IBUF                                   |                1 |              8 |
|  clk_IBUF_BUFG | uart_fifo/tx_fifo/memory[6][7]_i_1__0_n_0        | btnC_IBUF                                   |                2 |              8 |
|  clk_IBUF_BUFG | uart_fifo/tx_fifo/memory[7][7]_i_1__0_n_0        | btnC_IBUF                                   |                2 |              8 |
|  clk_IBUF_BUFG | uart_fifo/tx_fifo/memory[1][7]_i_1__0_n_0        | btnC_IBUF                                   |                2 |              8 |
|  clk_IBUF_BUFG | uart_fifo/uart_inst/rx_data[7]_i_1_n_0           |                                             |                4 |              8 |
|  clk_IBUF_BUFG | kbControl[7]_i_1_n_0                             |                                             |                4 |              8 |
|  clk_IBUF_BUFG | vga_sync_unit/h_count_reg[9]_i_1_n_0             |                                             |                5 |             10 |
|  clk_IBUF_BUFG | vga_sync_unit/v_count_reg0                       |                                             |                5 |             10 |
|  clk_IBUF_BUFG | uart_fifo/uart_inst/tx_bits_remaining            |                                             |                5 |             12 |
|  clk_IBUF_BUFG |                                                  | btnC_IBUF                                   |               10 |             16 |
|  clk_IBUF_BUFG |                                                  |                                             |               31 |             53 |
+----------------+--------------------------------------------------+---------------------------------------------+------------------+----------------+


